
/home/runner/work/exp-jansen-linkage-model-nitk/exp-jansen-linkage-model-nitk/experiment/simulation/js/MOMscript.js
   22:10  warning  'point' is defined but never used       no-unused-vars
   30:10  warning  'pointtrans' is defined but never used  no-unused-vars
   38:10  warning  'pointdisp' is defined but never used   no-unused-vars
   88:10  warning  'pointdist' is defined but never used   no-unused-vars
   94:10  warning  'pointjoin' is defined but never used   no-unused-vars
  109:10  warning  'pointtrace' is defined but never used  no-unused-vars
  127:10  warning  'deg' is defined but never used         no-unused-vars
  137:10  warning  'drawrect' is defined but never used    no-unused-vars
  157:10  warning  'drawArrow' is defined but never used   no-unused-vars
  173:10  warning  'signof' is defined but never used      no-unused-vars
  179:10  warning  'roundd' is defined but never used      no-unused-vars
  185:10  warning  'plotgraph' is defined but never used   no-unused-vars
  195:1   warning  'i' is not defined                      no-undef
  197:7   warning  'i' is not defined                      no-undef
  199:20  warning  'i' is not defined                      no-undef
  199:27  warning  'i' is not defined                      no-undef
  200:2   warning  'i' is not defined                      no-undef
  201:6   warning  'i' is not defined                      no-undef
  204:3   warning  'i' is not defined                      no-undef
  204:5   warning  'i' is not defined                      no-undef

/home/runner/work/exp-jansen-linkage-model-nitk/exp-jansen-linkage-model-nitk/experiment/simulation/js/dpi.js
  39:5  error  Parsing error: Identifier 'canvas' has already been declared

/home/runner/work/exp-jansen-linkage-model-nitk/exp-jansen-linkage-model-nitk/experiment/simulation/js/jquery-3.6.0.js
     17:44  warning  'module' is not defined                                                    no-undef
     25:5   warning  'module' is not defined                                                    no-undef
    142:13  warning  'Symbol' is already defined as a built-in global variable                  no-redeclare
    717:22  warning  Unexpected control character(s) in regular expression: \x1f, \x1f          no-control-regex
    779:50  warning  Empty block statement                                                      no-empty
   2185:38  warning  Do not access Object.prototype method 'hasOwnProperty' from target object  no-prototype-builtins
   3205:16  warning  Unnecessary escape character: \/                                           no-useless-escape
   3507:52  warning  Empty block statement                                                      no-empty
   4584:21  warning  Empty block statement                                                      no-empty
   5051:28  warning  Unnecessary escape character: \/                                           no-useless-escape
   5268:19  warning  Empty block statement                                                      no-empty
   6564:25  warning  Empty block statement                                                      no-empty
   9171:17  warning  Empty block statement                                                      no-empty
   9819:28  warning  'urlAnchor.href' is assigned to itself                                     no-self-assign
  10269:17  warning  Empty block statement                                                      no-empty
  11162:39  warning  'define' is not defined                                                    no-undef
  11163:5   warning  'define' is not defined                                                    no-undef

/home/runner/work/exp-jansen-linkage-model-nitk/exp-jansen-linkage-model-nitk/experiment/simulation/js/jquery-ui.js
      9:39  warning  'define' is not defined                                      no-undef
     11:5   warning  'define' is not defined                                      no-undef
     14:13  warning  'jQuery' is not defined                                      no-undef
     21:7   warning  'version' is assigned a value but never used                 no-unused-vars
    797:7   warning  'widget' is assigned a value but never used                  no-unused-vars
    822:19  warning  Unnecessary escape character: \+                             no-useless-escape
    822:21  warning  Unnecessary escape character: \-                             no-useless-escape
   1365:7   warning  'position' is assigned a value but never used                no-unused-vars
   1381:7   warning  'data' is assigned a value but never used                    no-unused-vars
   1410:7   warning  'disableSelection' is assigned a value but never used        no-unused-vars
   1452:23  warning  Unnecessary escape character: \-                             no-useless-escape
   1462:39  warning  Unnecessary escape character: \%                             no-useless-escape
   1462:63  warning  Unnecessary escape character: \%                             no-useless-escape
   1462:87  warning  Unnecessary escape character: \%                             no-useless-escape
   1499:61  warning  Unnecessary escape character: \%                             no-useless-escape
   1499:85  warning  Unnecessary escape character: \%                             no-useless-escape
   2078:29  warning  Empty block statement                                        no-empty
   3120:63  warning  Empty block statement                                        no-empty
   3156:7   warning  'effectsEffectBlind' is assigned a value but never used      no-unused-vars
   3217:7   warning  'effectsEffectBounce' is assigned a value but never used     no-unused-vars
   3309:7   warning  'effectsEffectClip' is assigned a value but never used       no-unused-vars
   3360:7   warning  'effectsEffectDrop' is assigned a value but never used       no-unused-vars
   3418:7   warning  'effectsEffectExplode' is assigned a value but never used    no-unused-vars
   3523:7   warning  'effectsEffectFade' is assigned a value but never used       no-unused-vars
   3560:7   warning  'effectsEffectFold' is assigned a value but never used       no-unused-vars
   3639:7   warning  'effectsEffectHighlight' is assigned a value but never used  no-unused-vars
   3683:7   warning  'effectsEffectSize' is assigned a value but never used       no-unused-vars
   3884:7   warning  'effectsEffectScale' is assigned a value but never used      no-unused-vars
   3929:7   warning  'effectsEffectPuff' is assigned a value but never used       no-unused-vars
   3957:7   warning  'effectsEffectPulsate' is assigned a value but never used    no-unused-vars
   4007:7   warning  'effectsEffectShake' is assigned a value but never used      no-unused-vars
   4062:7   warning  'effectsEffectSlide' is assigned a value but never used      no-unused-vars
   4127:7   warning  'effect' is already defined                                  no-redeclare
   4133:7   warning  'effectsEffectTransfer' is assigned a value but never used   no-unused-vars
   4209:7   warning  'focusable' is assigned a value but never used               no-unused-vars
   4214:7   warning  'form' is assigned a value but never used                    no-unused-vars
   4234:7   warning  'formResetMixin' is assigned a value but never used          no-unused-vars
   4311:22  warning  Unexpected control character(s) in regular expression: \x1f  no-control-regex
   4369:7   warning  'keycode' is assigned a value but never used                 no-unused-vars
   4402:7   warning  'labels' is assigned a value but never used                  no-unused-vars
   4455:7   warning  'scrollParent' is assigned a value but never used            no-unused-vars
   4492:7   warning  'tabbable' is assigned a value but never used                no-unused-vars
   4516:7   warning  'uniqueId' is assigned a value but never used                no-unused-vars
   4558:7   warning  'widgetsAccordion' is assigned a value but never used        no-unused-vars
   5187:7   warning  'safeActiveElement' is assigned a value but never used       no-unused-vars
   5233:7   warning  'widgetsMenu' is assigned a value but never used             no-unused-vars
   5939:13  warning  Unnecessary escape character: \-                             no-useless-escape
   5939:15  warning  Unnecessary escape character: \[                             no-useless-escape
   5939:30  warning  Unnecessary escape character: \^                             no-useless-escape
   6581:30  warning  Unnecessary escape character: \-                             no-useless-escape
   6581:32  warning  Unnecessary escape character: \[                             no-useless-escape
   6581:47  warning  Unnecessary escape character: \^                             no-useless-escape
   6626:7   warning  'widgetsAutocomplete' is assigned a value but never used     no-unused-vars
   6648:7   warning  'widgetsControlgroup' is assigned a value but never used     no-unused-vars
   7239:7   warning  'widgetsCheckboxradio' is assigned a value but never used    no-unused-vars
   7686:7   warning  'widgetsButton' is assigned a value but never used           no-unused-vars
   7921:51  warning  Unnecessary escape character: \-                             no-useless-escape
   8620:23  warning  Empty block statement                                        no-empty
   9326:18  warning  Unexpected constant condition                                no-constant-condition
   9623:27  warning  Unnecessary escape character: \-                             no-useless-escape
  10293:40  warning  Unnecessary escape character: \-                             no-useless-escape
  10295:32  warning  Unnecessary escape character: \-                             no-useless-escape
  10435:35  warning  Unnecessary escape character: \-                             no-useless-escape
  10438:35  warning  Unnecessary escape character: \-                             no-useless-escape
  10603:7   warning  'widgetsDatepicker' is assigned a value but never used       no-unused-vars
  10606:7   warning  'ie' is assigned a value but never used                      no-unused-vars
  10627:7   warning  'widgetsMouse' is assigned a value but never used            no-unused-vars
  10835:7   warning  'plugin' is assigned a value but never used                  no-unused-vars
  10868:7   warning  'safeBlur' is assigned a value but never used                no-unused-vars
  12169:7   warning  'widgetsDraggable' is assigned a value but never used        no-unused-vars
  13428:7   warning  'widgetsResizable' is assigned a value but never used        no-unused-vars
  14383:7   warning  'widgetsDialog' is assigned a value but never used           no-unused-vars
  14902:7   warning  'widgetsDroppable' is assigned a value but never used        no-unused-vars
  14924:7   warning  'widgetsProgressbar' is assigned a value but never used      no-unused-vars
  15081:7   warning  'widgetsSelectable' is assigned a value but never used       no-unused-vars
  15399:7   warning  'widgetsSelectmenu' is assigned a value but never used       no-unused-vars
  16098:7   warning  'widgetsSlider' is assigned a value but never used           no-unused-vars
  16890:7   warning  'widgetsSortable' is assigned a value but never used         no-unused-vars
  17501:33  warning  Unnecessary escape character: \-                             no-useless-escape
  19078:15  warning  'Globalize' is not defined                                   no-undef
  19089:11  warning  'Globalize' is not defined                                   no-undef
  19209:7   warning  'widgetsSpinner' is assigned a value but never used          no-unused-vars
  19265:25  warning  Empty block statement                                        no-empty
  19268:25  warning  Empty block statement                                        no-empty
  19507:38  warning  Unnecessary escape character: \/                             no-useless-escape
  19507:47  warning  Unnecessary escape character: \[                             no-useless-escape
  19507:51  warning  Unnecessary escape character: \^                             no-useless-escape
  20132:7   warning  'widgetsTabs' is assigned a value but never used             no-unused-vars
  20643:7   warning  'widgetsTooltip' is assigned a value but never used          no-unused-vars

/home/runner/work/exp-jansen-linkage-model-nitk/exp-jansen-linkage-model-nitk/experiment/simulation/js/jquery.ui.touch-punch.js
  174:4  warning  'jQuery' is not defined  no-undef

/home/runner/work/exp-jansen-linkage-model-nitk/exp-jansen-linkage-model-nitk/experiment/simulation/js/jquery.ui.touch-punch.min.js
  81:4  warning  'jQuery' is not defined  no-undef

/home/runner/work/exp-jansen-linkage-model-nitk/exp-jansen-linkage-model-nitk/experiment/simulation/js/script.js
   3:7   warning  'ctx' is assigned a value but never used  no-unused-vars
  10:3   warning  '$' is not defined                        no-undef
  11:3   warning  '$' is not defined                        no-undef
  12:3   warning  '$' is not defined                        no-undef
  13:3   warning  '$' is not defined                        no-undef
  14:3   warning  '$' is not defined                        no-undef
  15:3   warning  '$' is not defined                        no-undef
  18:3   warning  '$' is not defined                        no-undef
  19:3   warning  '$' is not defined                        no-undef
  21:3   warning  '$' is not defined                        no-undef
  22:5   warning  '$' is not defined                        no-undef
  23:5   warning  'time' is not defined                     no-undef
  26:3   warning  '$' is not defined                        no-undef
  27:5   warning  '$' is not defined                        no-undef
  28:5   warning  'time' is not defined                     no-undef
  31:3   warning  '$' is not defined                        no-undef
  35:3   warning  '$' is not defined                        no-undef
  36:3   warning  '$' is not defined                        no-undef
  38:3   warning  '$' is not defined                        no-undef
  39:5   warning  '$' is not defined                        no-undef
  40:5   warning  'time' is not defined                     no-undef
  43:3   warning  '$' is not defined                        no-undef
  44:5   warning  '$' is not defined                        no-undef
  45:5   warning  'time' is not defined                     no-undef
  48:3   warning  '$' is not defined                        no-undef
  51:3   warning  '$' is not defined                        no-undef
  54:3   warning  '$' is not defined                        no-undef
  55:3   warning  '$' is not defined                        no-undef
  64:3   warning  '$' is not defined                        no-undef
  64:37  warning  '$' is not defined                        no-undef
  65:3   warning  '$' is not defined                        no-undef
  65:38  warning  '$' is not defined                        no-undef
  66:3   warning  Unnecessary semicolon                     no-extra-semi

/home/runner/work/exp-jansen-linkage-model-nitk/exp-jansen-linkage-model-nitk/experiment/simulation/js/script1.js
    7:5   warning  'commenttext' is assigned a value but never used  no-unused-vars
    8:5   warning  'commentloc' is assigned a value but never used   no-unused-vars
   10:5   warning  'trans' is assigned a value but never used        no-unused-vars
   10:17  warning  'point' is not defined                            no-undef
   11:13  warning  'point' is not defined                            no-undef
   12:13  warning  'point' is not defined                            no-undef
   13:13  warning  'point' is not defined                            no-undef
   14:13  warning  'point' is not defined                            no-undef
   15:13  warning  'point' is not defined                            no-undef
   16:13  warning  'point' is not defined                            no-undef
   17:13  warning  'point' is not defined                            no-undef
   18:13  warning  'point' is not defined                            no-undef
   20:5   warning  'offset' is defined but never used                no-unused-vars
   25:5   warning  'rm' is defined but never used                    no-unused-vars
   26:5   warning  'dx' is defined but never used                    no-unused-vars
   26:9   warning  'dy' is defined but never used                    no-unused-vars
   27:5   warning  'r1' is assigned a value but never used           no-unused-vars
   28:3   warning  'r2' is assigned a value but never used           no-unused-vars
   29:3   warning  'r3' is assigned a value but never used           no-unused-vars
   30:3   warning  'r4' is assigned a value but never used           no-unused-vars
   36:3   warning  'rde' is assigned a value but never used          no-unused-vars
   40:3   warning  'rfh' is assigned a value but never used          no-unused-vars
   53:5   warning  'temp' is assigned a value but never used         no-unused-vars
   57:5   warning  'speed' is assigned a value but never used        no-unused-vars
   61:5   warning  'time' is assigned a value but never used         no-unused-vars
   76:10  warning  'editcss' is defined but never used               no-unused-vars
   77:3   warning  '$' is not defined                                no-undef
   80:10  warning  'startsim' is defined but never used              no-unused-vars
   85:10  warning  'simstate' is defined but never used              no-unused-vars
   95:5   warning  '$' is not defined                                no-undef
   96:5   warning  'pauseTime' is not defined                        no-undef
  100:19  warning  'pauseTime' is not defined                        no-undef
  108:10  warning  'rotstate' is defined but never used              no-unused-vars
  124:10  warning  'varinit' is defined but never used               no-unused-vars
  133:3   warning  '$' is not defined                                no-undef
  134:3   warning  '$' is not defined                                no-undef
  137:3   warning  '$' is not defined                                no-undef
  138:3   warning  '$' is not defined                                no-undef
  170:3   warning  '$' is not defined                                no-undef
  173:3   warning  '$' is not defined                                no-undef
  181:3   warning  '$' is not defined                                no-undef
  182:5   warning  '$' is not defined                                no-undef
  184:3   warning  '$' is not defined                                no-undef
  185:5   warning  '$' is not defined                                no-undef
  187:3   warning  '$' is not defined                                no-undef
  192:3   warning  '$' is not defined                                no-undef
  193:3   warning  '$' is not defined                                no-undef
  196:3   warning  '$' is not defined                                no-undef
  197:5   warning  '$' is not defined                                no-undef
  201:3   warning  '$' is not defined                                no-undef
  202:5   warning  '$' is not defined                                no-undef
  206:3   warning  '$' is not defined                                no-undef
  216:3   warning  '$' is not defined                                no-undef
  216:37  warning  '$' is not defined                                no-undef
  217:3   warning  '$' is not defined                                no-undef
  217:38  warning  '$' is not defined                                no-undef
  227:5   warning  '$' is not defined                                no-undef
  228:5   warning  '$' is not defined                                no-undef
  229:5   warning  '$' is not defined                                no-undef
  231:26  warning  '$' is not defined                                no-undef
  232:23  warning  'deg' is not defined                              no-undef
  236:5   warning  '$' is not defined                                no-undef
  238:5   warning  '$' is not defined                                no-undef
  240:5   warning  '$' is not defined                                no-undef
  241:5   warning  '$' is not defined                                no-undef
  242:11  warning  '$' is not defined                                no-undef
  243:26  warning  '$' is not defined                                no-undef
  247:41  warning  'rad' is not defined                              no-undef
  249:34  warning  'rad' is not defined                              no-undef
  250:41  warning  'rad' is not defined                              no-undef
  252:9   warning  'deg' is not defined                              no-undef
  259:40  warning  'rad' is not defined                              no-undef
  260:40  warning  'rad' is not defined                              no-undef
  261:40  warning  'rad' is not defined                              no-undef
  262:40  warning  'rad' is not defined                              no-undef
  263:40  warning  'rad' is not defined                              no-undef
  264:40  warning  'rad' is not defined                              no-undef
  268:39  warning  'rad' is not defined                              no-undef
  270:35  warning  'rad' is not defined                              no-undef
  272:39  warning  'rad' is not defined                              no-undef
  274:9   warning  'deg' is not defined                              no-undef
  275:40  warning  'rad' is not defined                              no-undef
  276:40  warning  'rad' is not defined                              no-undef
  279:43  warning  'rad' is not defined                              no-undef
  281:35  warning  'rad' is not defined                              no-undef
  282:43  warning  'rad' is not defined                              no-undef
  284:9   warning  'deg' is not defined                              no-undef
  285:40  warning  'rad' is not defined                              no-undef
  286:40  warning  'rad' is not defined                              no-undef
  290:13  warning  'deg' is not defined                              no-undef
  292:40  warning  'rad' is not defined                              no-undef
  293:40  warning  'rad' is not defined                              no-undef
  333:3   warning  'pointjoin' is not defined                        no-undef
  334:3   warning  'pointjoin' is not defined                        no-undef
  335:3   warning  'pointjoin' is not defined                        no-undef
  336:3   warning  'pointjoin' is not defined                        no-undef
  337:3   warning  'pointjoin' is not defined                        no-undef
  338:3   warning  'pointjoin' is not defined                        no-undef
  339:3   warning  'pointjoin' is not defined                        no-undef
  340:3   warning  'pointjoin' is not defined                        no-undef
  341:3   warning  'pointjoin' is not defined                        no-undef
  342:3   warning  'pointjoin' is not defined                        no-undef
  343:3   warning  'pointjoin' is not defined                        no-undef
  345:3   warning  'pointdisp' is not defined                        no-undef
  346:3   warning  'pointdisp' is not defined                        no-undef
  347:3   warning  'pointdisp' is not defined                        no-undef
  348:3   warning  'pointdisp' is not defined                        no-undef
  349:3   warning  'pointdisp' is not defined                        no-undef
  350:3   warning  'pointdisp' is not defined                        no-undef
  351:3   warning  'pointdisp' is not defined                        no-undef
  352:3   warning  'pointdisp' is not defined                        no-undef
  368:5   warning  'pointtrace' is not defined                       no-undef
  369:5   warning  'pointdisp' is not defined                        no-undef
  375:5   warning  'pointtrace' is not defined                       no-undef
  376:5   warning  'pointdisp' is not defined                        no-undef
  380:10  warning  'enableGraphDraw' is defined but never used       no-unused-vars
  385:10  warning  'printcomment' is defined but never used          no-unused-vars

✖ 279 problems (1 error, 278 warnings)
  0 errors and 1 warning potentially fixable with the `--fix` option.

